This is pdfTeX, Version 3.14159265-2.6-1.40.16 (Web2C 2015) (preloaded format=etex 2015.11.23)  25 FEB 2016 13:57
entering extended mode
 restricted \write18 enabled.
 file:line:error style messages enabled.
 %&-line parsing enabled.
**\catcode126=12 \def\normaltilde{~}\catcode126=13 \let~\normaltilde  \input ./
qaos.texi
(./qaos.texi (/usr/local/share/texmf-dist/tex/texinfo/texinfo.tex
Loading texinfo [version 2015-05-06.11]:
\bindingoffset=\dimen16
\normaloffset=\dimen17
\pagewidth=\dimen18
\pageheight=\dimen19
\outerhsize=\dimen20
\outervsize=\dimen21
\cornerlong=\dimen22
\cornerthick=\dimen23
\topandbottommargin=\dimen24
\headlinebox=\box16
\footlinebox=\box17
\margin=\insert252
\EMsimple=\toks13
\groupbox=\box18
\groupinvalidhelp=\toks14
\mil=\dimen25
\exdentamount=\skip18
\inmarginspacing=\skip19
\centerpenalty=\count27
 pdf,
\tempnum=\count28
\lnkcount=\count29
\filename=\toks15
\filenamelength=\count30
\pgn=\count31
\toksA=\toks16
\toksB=\toks17
\toksC=\toks18
\toksD=\toks19
\boxA=\box19
\countA=\count32
\nopdfimagehelp=\toks20
 fonts,
\sffam=\fam8
\textleading=\dimen26
 markup,
\fontdepth=\count33
 glyphs,
\errorbox=\box20

page headings,
\titlepagetopglue=\skip20
\titlepagebottomglue=\skip21
\evenheadline=\toks21
\oddheadline=\toks22
\evenfootline=\toks23
\oddfootline=\toks24
 tables,
\tableindent=\dimen27
\itemindent=\dimen28
\itemmargin=\dimen29
\itemmax=\dimen30
\itemno=\count34
\multitableparskip=\skip22
\multitableparindent=\skip23
\multitablecolspace=\dimen31
\multitablelinespace=\skip24
\colcount=\count35
\everytab=\toks25
 conditionals,
\doignorecount=\count36
 indexing,
\whatsitskip=\skip25
\whatsitpenalty=\count37
\secondaryindent=\skip26
\partialpage=\box21
\doublecolumnhsize=\dimen32
 sectioning,
\unnumberedno=\count38
\chapno=\count39
\secno=\count40
\subsecno=\count41
\subsubsecno=\count42
\appendixno=\count43
\absseclevel=\count44
\secbase=\count45
\chapheadingskip=\skip27
\secheadingskip=\skip28
\subsecheadingskip=\skip29
 toc,
\tocfile=\write0
\contentsrightmargin=\skip30
\savepageno=\count46
\lastnegativepageno=\count47
\tocindent=\dimen33
 environments,
\lispnarrowing=\skip31
\envskipamount=\skip32
\circthick=\dimen34
\cartouter=\dimen35
\cartinner=\dimen36
\normbskip=\skip33
\normpskip=\skip34
\normlskip=\skip35
\lskip=\skip36
\rskip=\skip37
\nonfillparindent=\dimen37
\tabw=\dimen38
\verbbox=\box22

defuns,
\defbodyindent=\skip38
\defargsindent=\skip39
\deflastargmargin=\skip40
\defunpenalty=\count48
\parencount=\count49
\brackcount=\count50
 macros,
\paramno=\count51
\macname=\toks26
 cross references,
\auxfile=\write1
\savesfregister=\count52
\toprefbox=\box23
\printedrefnamebox=\box24
\infofilenamebox=\box25
\printedmanualbox=\box26
 insertions,
\footnoteno=\count53
\SAVEfootins=\box27
\SAVEmargin=\box28

(/usr/local/share/texmf-dist/tex/generic/epsf/epsf.tex
This is `epsf.tex' v2.7.4 <14 February 2011>
\epsffilein=\read1
\epsfframemargin=\dimen39
\epsfframethickness=\dimen40
\epsfrsize=\dimen41
\epsftmp=\dimen42
\epsftsize=\dimen43
\epsfxsize=\dimen44
\epsfysize=\dimen45
\pspoints=\dimen46
)
\noepsfhelp=\toks27
 localization,
\nolanghelp=\toks28
\countUTFx=\count54
\countUTFy=\count55
\countUTFz=\count56
 formatting,
\defaultparindent=\dimen47
 and turning on texinfo input format.) (./qaos.aux)
\openout1 = `qaos.aux'.

@cpindfile=@write2
@fnindfile=@write3
@vrindfile=@write4
@tpindfile=@write5
@kyindfile=@write6
@pgindfile=@write7

[1
\openout2 = `qaos.cp'.

\openout3 = `qaos.fn'.

\openout4 = `qaos.vr'.

\openout5 = `qaos.tp'.

\openout6 = `qaos.ky'.

\openout7 = `qaos.pg'.

] [2] (./qaos.toc) [-1] [-2] (./qaos.toc) [-3] [-4] (QaoS)
\openout0 = `qaos.toc'.

 Chapter 1 [1]
[2] Chapter 2 [3] [4] Chapter 3 [5] [6] [7] [8]
Overfull \hbox (26.43913pt too wide) in paragraph at lines 380--380
 []@texttt Note: You must have `curl' (see http://curl.haxx.se) installed and p
roperly[] 

@hbox(7.60416+2.43333)x433.62
.@glue(@leftskip) 28.90755
.@hbox(0.0+0.0)x0.0
.@texttt N
.@texttt o
.@texttt t
.etc.

[9]
Overfull \hbox (26.43913pt too wide) in paragraph at lines 438--438
 []@texttt Group([ (1,8)(2,3)(4,5)(6,7), (1,3)(2,8)(4,6)(5,7), (1,5)(2,6)(3,7)(
4,8) ])[] 

@hbox(7.60416+2.43333)x433.62
.@glue(@leftskip) 28.90755
.@hbox(0.0+0.0)x0.0
.@texttt G
.@texttt r
.@texttt o
.etc.


Overfull \hbox (95.42339pt too wide) in paragraph at lines 461--461
 []@texttt <collection from database: 18 number fields; "d5 |disc| >=100000 |di
sc| <=120000 cn>1">[] 

@hbox(7.60416+1.52081)x433.62
.@glue(@leftskip) 28.90755
.@hbox(0.0+0.0)x0.0
.@texttt <
.@texttt c
.@texttt o
.etc.


Overfull \hbox (49.43388pt too wide) in paragraph at lines 464--464
 []  @texttt <number field from database: x_1^5+x_1^4+2*x_1^3-4*x_1^2+2*x_1-1; 
id 843791>,[] 

@hbox(6.69167+1.52081)x433.62
.@glue(@leftskip) 28.90755
.@hbox(0.0+0.0)x0.0
.@penalty 10000
.@glue 5.74869
.@penalty 10000
.etc.


Overfull \hbox (49.43388pt too wide) in paragraph at lines 465--465
 []  @texttt <number field from database: x_1^5+2*x_1^4-2*x_1^3+2*x_1^2+x_1+4; 
id 843841>,[] 

@hbox(6.69167+1.52081)x433.62
.@glue(@leftskip) 28.90755
.@hbox(0.0+0.0)x0.0
.@penalty 10000
.@glue 5.74869
.@penalty 10000
.etc.

[10]
Overfull \hbox (37.93651pt too wide) in paragraph at lines 467--467
 []  @texttt <number field from database: x_1^5+x_1^4+x_1^3+4*x_1^2+3*x_1-1; id
 843894>,[] 

@hbox(6.69167+1.52081)x433.62
.@glue(@leftskip) 28.90755
.@hbox(0.0+0.0)x0.0
.@penalty 10000
.@glue 5.74869
.@penalty 10000
.etc.


Overfull \hbox (49.43388pt too wide) in paragraph at lines 468--468
 []  @texttt <number field from database: x_1^5+x_1^4-3*x_1^3-2*x_1^2+6*x_1-4; 
id 843897>,[] 

@hbox(6.69167+1.52081)x433.62
.@glue(@leftskip) 28.90755
.@hbox(0.0+0.0)x0.0
.@penalty 10000
.@glue 5.74869
.@penalty 10000
.etc.


Overfull \hbox (14.94176pt too wide) in paragraph at lines 469--469
 []  @texttt <number field from database: x_1^5+2*x_1^3+2*x_1^2+4*x_1+1; id 843
930>,[] 

@hbox(6.69167+1.52081)x433.62
.@glue(@leftskip) 28.90755
.@hbox(0.0+0.0)x0.0
.@penalty 10000
.@glue 5.74869
.@penalty 10000
.etc.


Overfull \hbox (60.93126pt too wide) in paragraph at lines 470--470
 []  @texttt <number field from database: x_1^5+2*x_1^4+6*x_1^3+4*x_1^2+4*x_1-1
; id 843955>,[] 

@hbox(6.69167+1.52081)x433.62
.@glue(@leftskip) 28.90755
.@hbox(0.0+0.0)x0.0
.@penalty 10000
.@glue 5.74869
.@penalty 10000
.etc.


Overfull \hbox (60.93126pt too wide) in paragraph at lines 473--473
 []  @texttt <number field from database: x_1^5+2*x_1^4+3*x_1^3+2*x_1^2-3*x_1+1
; id 844036>,[] 

@hbox(6.69167+1.52081)x433.62
.@glue(@leftskip) 28.90755
.@hbox(0.0+0.0)x0.0
.@penalty 10000
.@glue 5.74869
.@penalty 10000
.etc.


Overfull \hbox (49.43388pt too wide) in paragraph at lines 474--474
 []  @texttt <number field from database: x_1^5+x_1^4+3*x_1^3+2*x_1^2+8*x_1-1; 
id 844043>,[] 

@hbox(6.69167+1.52081)x433.62
.@glue(@leftskip) 28.90755
.@hbox(0.0+0.0)x0.0
.@penalty 10000
.@glue 5.74869
.@penalty 10000
.etc.


Overfull \hbox (49.43388pt too wide) in paragraph at lines 475--475
 []  @texttt <number field from database: x_1^5+x_1^4+5*x_1^3+5*x_1^2+2*x_1+1; 
id 844062>,[] 

@hbox(6.69167+1.52081)x433.62
.@glue(@leftskip) 28.90755
.@hbox(0.0+0.0)x0.0
.@penalty 10000
.@glue 5.74869
.@penalty 10000
.etc.


Overfull \hbox (60.93126pt too wide) in paragraph at lines 476--476
 []  @texttt <number field from database: x_1^5+2*x_1^4-3*x_1^3+6*x_1^2-3*x_1+1
; id 844066>,[] 

@hbox(6.69167+1.52081)x433.62
.@glue(@leftskip) 28.90755
.@hbox(0.0+0.0)x0.0
.@penalty 10000
.@glue 5.74869
.@penalty 10000
.etc.


Overfull \hbox (37.93651pt too wide) in paragraph at lines 477--477
 []  @texttt <number field from database: x_1^5+x_1^4-x_1^3-4*x_1^2+5*x_1-1; id
 844082>,[] 

@hbox(6.69167+1.52081)x433.62
.@glue(@leftskip) 28.90755
.@hbox(0.0+0.0)x0.0
.@penalty 10000
.@glue 5.74869
.@penalty 10000
.etc.


Overfull \hbox (49.43388pt too wide) in paragraph at lines 478--478
 []  @texttt <number field from database: x_1^5+2*x_1^4-x_1^3-3*x_1^2+4*x_1+1; 
id 844107>,[] 

@hbox(6.69167+1.52081)x433.62
.@glue(@leftskip) 28.90755
.@hbox(0.0+0.0)x0.0
.@penalty 10000
.@glue 5.74869
.@penalty 10000
.etc.


Overfull \hbox (49.43388pt too wide) in paragraph at lines 479--479
 []  @texttt <number field from database: x_1^5+x_1^4+2*x_1^3+3*x_1^2-2*x_1+1; 
id 844110>,[] 

@hbox(6.69167+1.52081)x433.62
.@glue(@leftskip) 28.90755
.@hbox(0.0+0.0)x0.0
.@penalty 10000
.@glue 5.74869
.@penalty 10000
.etc.


Overfull \hbox (66.67995pt too wide) in paragraph at lines 480--480
 []  @texttt <number field from database: x_1^5+2*x_1^4-6*x_1^3+5*x_1^2-2*x_1+1
; id 844145> ][] 

@hbox(7.60416+1.52081)x433.62
.@glue(@leftskip) 28.90755
.@hbox(0.0+0.0)x0.0
.@penalty 10000
.@glue 5.74869
.@penalty 10000
.etc.

Chapter 4 [11] [12] (./qaos.fns) [13] [14] ) 
Here is how much of TeX's memory you used:
 2619 strings out of 494681
 26126 string characters out of 6152808
 62753 words of memory out of 5000000
 4203 multiletter control sequences out of 15000+600000
 32127 words of font info for 112 fonts, out of 8000000 for 9000
 1457 hyphenation exceptions out of 8191
 14i,6n,16p,355b,762s stack positions out of 5000i,2500n,10000p,300000b,80000s

Output written on qaos.dvi (20 pages, 27188 bytes).
